2024-12-15 21:47:26.745 [main] INFO  com.rs.mv.mvvs.Startup - [LSP:100101]ROCKET MV BASIC EXTENSION to start
2024-12-15 21:47:26.795 [main] INFO  com.rs.mv.mvvs.lsp.server.BasicLanguageServerLauncher - [LSP:100102]start pip server
2024-12-15 21:47:27.048 [main] INFO  com.rs.mv.mvvs.lsp.server.BasicLanguageServerLauncher - [LSP:100103]ROCKET MV BASIC EXTENSION start successful
2024-12-15 21:47:27.112 [pool-3-thread-1] INFO  com.rs.mv.mvvs.instance.workspace.WorkspaceManager - [workspace:200101]load all workspace folders start
2024-12-15 21:47:27.112 [pool-3-thread-1] INFO  com.rs.mv.mvvs.instance.workspace.WorkspaceManager - [workspace:20010201]root uri: file:///c%3A/Users/ethan/minecraft-artistry/Figura%20Avatars/Virtuoso
2024-12-15 21:47:27.113 [pool-3-thread-1] INFO  com.rs.mv.mvvs.instance.workspace.handler.FolderHandler - [workspace:200103]workspace contains workspace folder: file:///c%3A/Users/ethan/minecraft-artistry/Figura%20Avatars/Virtuoso
2024-12-15 21:47:27.143 [pool-3-thread-1] INFO  com.rs.mv.mvvs.instance.workspace.handler.FolderHandler - [workspace:200104]workspace folder will be cached: file:///c%3A/Users/ethan/minecraft-artistry/Figura%20Avatars/Virtuoso
2024-12-15 21:47:27.145 [pool-3-thread-1] INFO  com.rs.mv.mvvs.rmv.config.Config - [framework:30010101]config load start
2024-12-15 21:47:27.145 [pool-3-thread-1] INFO  com.rs.mv.mvvs.rmv.config.Config - [framework:30010102]project config path is : C:/Users/ethan/minecraft-artistry/Figura Avatars/Virtuoso/.rmv/config
2024-12-15 21:47:27.145 [pool-3-thread-1] INFO  com.rs.mv.mvvs.rmv.config.Config - [framework:30010103]resource config path is : /
2024-12-15 21:47:27.145 [pool-3-thread-1] INFO  com.rs.mv.mvvs.rmv.config.Config - [framework:30010104]user config path is : C:/Users/ethan
2024-12-15 21:47:27.173 [pool-3-thread-1] INFO  com.rs.mv.mvvs.rmv.config.Config - [framework:30010105]config load end
2024-12-15 21:47:27.174 [pool-3-thread-1] INFO  com.rs.mv.mvvs.rmv.documentation.BasicDocumentation - [framework:30020101]documentation load start
2024-12-15 21:47:27.175 [pool-3-thread-1] INFO  com.rs.mv.mvvs.rmv.documentation.reader.SystemDocReader - [framework:30020102]system documentation path: /documentation/UNIVERSE/
2024-12-15 21:47:27.178 [pool-3-thread-1] INFO  com.rs.mv.mvvs.rmv.documentation.reader.ProjectDocReader - [framework:30020103]project documentation brief file: C:\Users\ethan\minecraft-artistry\Figura Avatars\Virtuoso\.rmv\documentation\UNIVERSE\custom.json
2024-12-15 21:47:27.179 [pool-3-thread-1] INFO  com.rs.mv.mvvs.rmv.documentation.reader.UserDocReader - [framework:30020104]user documentation brief file: C:\Users\ethan\documentation\UNIVERSE\custom.json
2024-12-15 21:47:27.249 [pool-3-thread-1] INFO  com.rs.mv.mvvs.rmv.documentation.BasicDocumentation - [framework:30020105]documentation load end
2024-12-15 21:47:27.253 [pool-3-thread-1] INFO  com.rs.mv.mvvs.common.convertor.ConvertorManager - [framework:30030101]convertors for folder(C:/Users/ethan/minecraft-artistry/Figura Avatars/Virtuoso) load start
2024-12-15 21:47:27.257 [pool-3-thread-1] INFO  com.rs.mv.mvvs.common.convertor.ConvertorManager - [framework:30030102]comment convertor load finish
2024-12-15 21:47:27.449 [pool-3-thread-1] INFO  com.rs.mv.mvvs.common.convertor.ConvertorManager - [framework:30030103]keyword convertor load finish
2024-12-15 21:47:27.451 [pool-3-thread-1] INFO  com.rs.mv.mvvs.common.convertor.ConvertorManager - [framework:30030104]operator convertor load finish
2024-12-15 21:47:27.452 [pool-3-thread-1] INFO  com.rs.mv.mvvs.common.convertor.ConvertorManager - [framework:30030105]function name convertor load finish
2024-12-15 21:47:27.452 [pool-3-thread-1] INFO  com.rs.mv.mvvs.common.convertor.ConvertorManager - [framework:30030106]atVariable convertor load finish
2024-12-15 21:47:27.452 [pool-3-thread-1] INFO  com.rs.mv.mvvs.common.convertor.ConvertorManager - [framework:30030107]convertors for folder(C:/Users/ethan/minecraft-artistry/Figura Avatars/Virtuoso) load end
2024-12-15 21:47:27.454 [pool-3-thread-1] INFO  com.rs.mv.mvvs.rmv.config.CapabilityConfig - [framework:30010301]capabilities file(C:/Users/ethan/minecraft-artistry/Figura Avatars/Virtuoso/config/capability) doesn't exist or read error, default config will take effect
2024-12-15 21:47:27.454 [pool-3-thread-1] INFO  com.rs.mv.mvvs.instance.workspace.WorkspaceManager - [workspace:200105]load all workspace folders successful
2024-12-15 21:47:27.455 [pool-3-thread-1] INFO  com.rs.mv.mvvs.client.account.AccountManager - [client:40010101]load account manager start
2024-12-15 21:47:27.469 [pool-3-thread-1] INFO  com.rs.mv.mvvs.client.account.handler.CacheAccountHandler - [client:40010102]load cache account: 
2024-12-15 21:47:27.471 [pool-3-thread-1] INFO  com.rs.mv.mvvs.client.account.handler.ExternalAccountHandler - [client:40010103]load external account: 
2024-12-15 21:47:27.487 [pool-3-thread-1] INFO  com.rs.mv.mvvs.client.catalog.manager.U2CatalogManager - [client:400203]cache file auto update thread launch in Virtuoso account
2024-12-15 21:47:27.492 [pool-3-thread-1] INFO  com.rs.mv.mvvs.client.catalog.from.config.DirsConfigReader - [client:400206]parse dir config information
2024-12-15 21:47:27.495 [pool-3-thread-1] INFO  com.rs.mv.mvvs.client.catalog.from.config.MappingConfigReader - [client:400207]parse mapping config information
2024-12-15 21:47:27.496 [pool-3-thread-1] INFO  com.rs.mv.mvvs.client.catalog.manager.U2CatalogManager - [client:400202]start a schedule task to get global/local catalog for Virtuoso, its period 5s 
2024-12-15 21:47:27.499 [pool-3-thread-1] INFO  com.rs.mv.mvvs.client.account.handler.ServerAccountHandler - [client:40010104]load server account: Account{name=Virtuoso, path=C:/Users/ethan/minecraft-artistry/Figura Avatars/Virtuoso, type=PREDICT}
2024-12-15 21:47:27.499 [pool-3-thread-1] INFO  com.rs.mv.mvvs.client.account.AccountManager - [client:40010105]load account manager finish
2024-12-15 21:47:27.499 [pool-3-thread-1] INFO  com.rs.mv.mvvs.instance.userspace.UserspaceManager - [framework:30010402]config file(C:\Users\ethan/.rmv/config) watcher launch successful
2024-12-15 21:51:27.166 [pool-3-thread-1] INFO  com.rs.mv.mvvs.client.catalog.from.scan.CurrentPathScanner - [client:400205]scan file in current open file directory(C:/Users/ethan/minecraft-artistry/Figura Avatars/Virtuoso)
2024-12-15 21:51:27.795 [pool-3-thread-1] INFO  com.rs.mv.mvvs.client.catalog.from.scan.CurrentPathScanner - [client:400205]scan file in current open file directory(C:/Users/ethan/minecraft-artistry/Figura Avatars/Virtuoso)
2024-12-15 21:51:32.901 [pool-3-thread-1] INFO  com.rs.mv.mvvs.client.catalog.from.scan.CurrentPathScanner - [client:400205]scan file in current open file directory(C:/Users/ethan/minecraft-artistry/Figura Avatars/Virtuoso)
2024-12-15 21:51:40.977 [pool-3-thread-1] INFO  com.rs.mv.mvvs.client.catalog.from.scan.CurrentPathScanner - [client:400205]scan file in current open file directory(C:/Users/ethan/minecraft-artistry/Figura Avatars/Virtuoso)
2024-12-15 21:52:52.389 [pool-3-thread-1] INFO  com.rs.mv.mvvs.client.catalog.from.scan.CurrentPathScanner - [client:400205]scan file in current open file directory(C:/Users/ethan/minecraft-artistry/Figura Avatars/Virtuoso)
2024-12-15 21:53:43.061 [pool-3-thread-1] INFO  com.rs.mv.mvvs.client.catalog.from.scan.CurrentPathScanner - [client:400205]scan file in current open file directory(C:/Users/ethan/minecraft-artistry/Figura Avatars/Virtuoso)
2024-12-15 21:53:59.345 [pool-3-thread-1] INFO  com.rs.mv.mvvs.client.catalog.from.scan.CurrentPathScanner - [client:400205]scan file in current open file directory(C:/Users/ethan/minecraft-artistry/Figura Avatars/Virtuoso)
2024-12-15 21:54:54.706 [pool-3-thread-1] INFO  com.rs.mv.mvvs.client.catalog.from.scan.CurrentPathScanner - [client:400205]scan file in current open file directory(C:/Users/ethan/minecraft-artistry/Figura Avatars/Virtuoso)
2024-12-15 21:56:08.255 [pool-3-thread-1] INFO  com.rs.mv.mvvs.client.catalog.from.scan.CurrentPathScanner - [client:400205]scan file in current open file directory(C:/Users/ethan/minecraft-artistry/Figura Avatars/Virtuoso)
2024-12-15 21:56:12.688 [pool-3-thread-1] INFO  com.rs.mv.mvvs.client.catalog.from.scan.CurrentPathScanner - [client:400205]scan file in current open file directory(C:/Users/ethan/minecraft-artistry/Figura Avatars/Virtuoso)
2024-12-15 21:56:14.612 [pool-3-thread-1] INFO  com.rs.mv.mvvs.client.catalog.from.scan.CurrentPathScanner - [client:400205]scan file in current open file directory(C:/Users/ethan/minecraft-artistry/Figura Avatars/Virtuoso)
2024-12-15 22:00:06.822 [pool-3-thread-1] INFO  com.rs.mv.mvvs.client.catalog.from.scan.CurrentPathScanner - [client:400205]scan file in current open file directory(C:/Users/ethan/minecraft-artistry/Figura Avatars/Virtuoso)
2024-12-15 22:00:33.835 [pool-3-thread-1] INFO  com.rs.mv.mvvs.client.catalog.from.scan.CurrentPathScanner - [client:400205]scan file in current open file directory(C:/Users/ethan/minecraft-artistry/Figura Avatars/Virtuoso)
2024-12-15 22:06:11.977 [pool-3-thread-1] INFO  com.rs.mv.mvvs.client.catalog.from.scan.CurrentPathScanner - [client:400205]scan file in current open file directory(C:/Users/ethan/minecraft-artistry/Figura Avatars/Virtuoso)
2024-12-15 23:14:39.137 [pool-3-thread-1] INFO  com.rs.mv.mvvs.client.catalog.from.scan.CurrentPathScanner - [client:400205]scan file in current open file directory(C:/Users/ethan/minecraft-artistry/Figura Avatars/Virtuoso)
2024-12-15 23:15:03.945 [pool-3-thread-1] INFO  com.rs.mv.mvvs.client.catalog.from.config.DirsConfigReader - [client:400206]parse dir config information
2024-12-15 23:15:03.945 [pool-3-thread-1] INFO  com.rs.mv.mvvs.client.catalog.from.config.MappingConfigReader - [client:400207]parse mapping config information
2024-12-15 23:15:03.945 [pool-3-thread-1] INFO  com.rs.mv.mvvs.common.convertor.ConvertorManager - [framework:30030201]convertors for folder(C:/Users/ethan/minecraft-artistry/Figura Avatars/Virtuoso) reload start
2024-12-15 23:15:03.946 [pool-3-thread-1] INFO  com.rs.mv.mvvs.common.convertor.ConvertorManager - [framework:30030202]convertors for folder(C:/Users/ethan/minecraft-artistry/Figura Avatars/Virtuoso) load end
2024-12-15 23:15:05.106 [pool-3-thread-1] WARN  com.rs.mv.mvvs.rmv.config.ConfigManager - [COMMON:500102]file(C:/Users/ethan/minecraft-artistry/Figura Avatars/Virtuoso/.rmv/config/db.mvbasic.json}) is not exist
2024-12-15 23:15:05.107 [pool-3-thread-1] INFO  com.rs.mv.mvvs.client.catalog.from.config.DirsConfigReader - [client:400206]parse dir config information
2024-12-15 23:15:05.108 [pool-3-thread-1] INFO  com.rs.mv.mvvs.client.catalog.from.config.MappingConfigReader - [client:400207]parse mapping config information
2024-12-15 23:15:05.108 [pool-3-thread-1] INFO  com.rs.mv.mvvs.common.convertor.ConvertorManager - [framework:30030201]convertors for folder(C:/Users/ethan/minecraft-artistry/Figura Avatars/Virtuoso) reload start
2024-12-15 23:15:05.109 [pool-3-thread-1] INFO  com.rs.mv.mvvs.common.convertor.ConvertorManager - [framework:30030202]convertors for folder(C:/Users/ethan/minecraft-artistry/Figura Avatars/Virtuoso) load end
2024-12-15 23:15:06.008 [pool-3-thread-1] WARN  com.rs.mv.mvvs.rmv.config.ConfigManager - [COMMON:500102]file(C:/Users/ethan/minecraft-artistry/Figura Avatars/Virtuoso/.rmv/config/format.mvbasic.json}) is not exist
2024-12-15 23:15:06.008 [pool-3-thread-1] INFO  com.rs.mv.mvvs.client.catalog.from.config.DirsConfigReader - [client:400206]parse dir config information
2024-12-15 23:15:06.008 [pool-3-thread-1] INFO  com.rs.mv.mvvs.client.catalog.from.config.MappingConfigReader - [client:400207]parse mapping config information
2024-12-15 23:15:06.008 [pool-3-thread-1] INFO  com.rs.mv.mvvs.common.convertor.ConvertorManager - [framework:30030201]convertors for folder(C:/Users/ethan/minecraft-artistry/Figura Avatars/Virtuoso) reload start
2024-12-15 23:15:06.009 [pool-3-thread-1] INFO  com.rs.mv.mvvs.common.convertor.ConvertorManager - [framework:30030202]convertors for folder(C:/Users/ethan/minecraft-artistry/Figura Avatars/Virtuoso) load end
2024-12-15 23:15:07.065 [pool-3-thread-1] INFO  com.rs.mv.mvvs.client.catalog.from.config.DirsConfigReader - [client:400206]parse dir config information
2024-12-15 23:15:07.065 [pool-3-thread-1] INFO  com.rs.mv.mvvs.client.catalog.from.config.MappingConfigReader - [client:400207]parse mapping config information
2024-12-15 23:15:07.065 [pool-3-thread-1] INFO  com.rs.mv.mvvs.common.convertor.ConvertorManager - [framework:30030201]convertors for folder(C:/Users/ethan/minecraft-artistry/Figura Avatars/Virtuoso) reload start
2024-12-15 23:15:07.066 [pool-3-thread-1] INFO  com.rs.mv.mvvs.common.convertor.ConvertorManager - [framework:30030202]convertors for folder(C:/Users/ethan/minecraft-artistry/Figura Avatars/Virtuoso) load end
2024-12-15 23:15:08.282 [pool-3-thread-1] INFO  com.rs.mv.mvvs.rmv.documentation.BasicDocumentation - [framework:30020201]project documentation update start
2024-12-15 23:15:08.283 [pool-3-thread-1] INFO  com.rs.mv.mvvs.rmv.documentation.BasicDocumentation - [framework:30020202]project documentation update end
2024-12-15 23:15:31.959 [pool-3-thread-1] INFO  com.rs.mv.mvvs.common.convertor.ConvertorManager - [framework:30030201]convertors for folder(C:/Users/ethan/minecraft-artistry/Figura Avatars/Virtuoso) reload start
2024-12-15 23:15:31.960 [pool-3-thread-1] INFO  com.rs.mv.mvvs.common.convertor.ConvertorManager - [framework:30030202]convertors for folder(C:/Users/ethan/minecraft-artistry/Figura Avatars/Virtuoso) load end
2024-12-15 23:15:32.217 [pool-3-thread-1] INFO  com.rs.mv.mvvs.client.catalog.from.scan.CurrentPathScanner - [client:400205]scan file in current open file directory(C:/Users/ethan/minecraft-artistry/Figura Avatars/Virtuoso)
2024-12-15 23:15:39.395 [pool-3-thread-1] WARN  com.rs.mv.mvvs.rmv.config.ConfigManager - [COMMON:500102]file(C:/Users/ethan/minecraft-artistry/Figura Avatars/Virtuoso/.rmv/config/db.mvbasic.json}) is not exist
2024-12-15 23:15:39.395 [pool-3-thread-1] INFO  com.rs.mv.mvvs.client.catalog.from.config.DirsConfigReader - [client:400206]parse dir config information
2024-12-15 23:15:39.395 [pool-3-thread-1] INFO  com.rs.mv.mvvs.client.catalog.from.config.MappingConfigReader - [client:400207]parse mapping config information
2024-12-15 23:15:39.395 [pool-3-thread-1] INFO  com.rs.mv.mvvs.common.convertor.ConvertorManager - [framework:30030201]convertors for folder(C:/Users/ethan/minecraft-artistry/Figura Avatars/Virtuoso) reload start
2024-12-15 23:15:39.396 [pool-3-thread-1] INFO  com.rs.mv.mvvs.common.convertor.ConvertorManager - [framework:30030202]convertors for folder(C:/Users/ethan/minecraft-artistry/Figura Avatars/Virtuoso) load end
2024-12-15 23:15:58.290 [pool-3-thread-1] INFO  com.rs.mv.mvvs.rmv.documentation.BasicDocumentation - [framework:30020201]project documentation update start
2024-12-15 23:15:58.291 [pool-3-thread-1] INFO  com.rs.mv.mvvs.rmv.documentation.BasicDocumentation - [framework:30020202]project documentation update end
2024-12-15 23:15:58.291 [pool-3-thread-1] INFO  com.rs.mv.mvvs.client.catalog.from.config.DirsConfigReader - [client:400206]parse dir config information
2024-12-15 23:15:58.291 [pool-3-thread-1] INFO  com.rs.mv.mvvs.client.catalog.from.config.MappingConfigReader - [client:400207]parse mapping config information
2024-12-15 23:15:58.291 [pool-3-thread-1] INFO  com.rs.mv.mvvs.common.convertor.ConvertorManager - [framework:30030201]convertors for folder(C:/Users/ethan/minecraft-artistry/Figura Avatars/Virtuoso) reload start
2024-12-15 23:15:58.292 [pool-3-thread-1] INFO  com.rs.mv.mvvs.common.convertor.ConvertorManager - [framework:30030202]convertors for folder(C:/Users/ethan/minecraft-artistry/Figura Avatars/Virtuoso) load end
